2025-05-23 11:10:39,530 - INFO - file_cache is only supported with oauth2client<4.0.0
2025-05-23 11:10:39,853 - INFO - Found 3 folders to process
2025-05-23 11:10:39,853 - INFO - Processing data/reddit-technology-v2
2025-05-23 11:10:39,863 - INFO - Loaded 448 posts from data/reddit-technology-v2/posts.csv
2025-05-23 11:10:39,867 - INFO - Processing 448 unprocessed posts
2025-05-23 11:10:57,485 - WARNING - Rate limit hit, waiting 1.5s (attempt 1)
2025-05-23 11:10:59,048 - WARNING - Rate limit hit, waiting 3.0s (attempt 2)
2025-05-23 11:11:02,354 - WARNING - Rate limit hit, waiting 1.5s (attempt 1)
2025-05-23 11:11:04,181 - WARNING - Rate limit hit, waiting 1.5s (attempt 1)
2025-05-23 11:11:05,785 - WARNING - Rate limit hit, waiting 3.0s (attempt 2)
2025-05-23 11:11:08,876 - WARNING - Rate limit hit, waiting 6.0s (attempt 3)
2025-05-23 11:11:16,468 - WARNING - Rate limit hit, waiting 1.5s (attempt 1)
2025-05-23 11:11:18,049 - WARNING - Rate limit hit, waiting 3.0s (attempt 2)
2025-05-23 11:11:21,110 - WARNING - Rate limit hit, waiting 6.0s (attempt 3)
2025-05-23 11:11:28,703 - WARNING - Rate limit hit, waiting 1.5s (attempt 1)
2025-05-23 11:11:30,303 - WARNING - Rate limit hit, waiting 3.0s (attempt 2)
2025-05-23 11:11:33,369 - WARNING - Rate limit hit, waiting 6.0s (attempt 3)
2025-05-23 11:11:40,941 - WARNING - Rate limit hit, waiting 1.5s (attempt 1)
2025-05-23 11:11:42,502 - WARNING - Rate limit hit, waiting 3.0s (attempt 2)
2025-05-23 11:11:45,936 - WARNING - Rate limit hit, waiting 1.5s (attempt 1)
2025-05-23 11:11:47,500 - WARNING - Rate limit hit, waiting 3.0s (attempt 2)
2025-05-23 11:11:51,039 - WARNING - Rate limit hit, waiting 1.5s (attempt 1)
2025-05-23 11:11:52,807 - WARNING - Rate limit hit, waiting 1.5s (attempt 1)
2025-05-23 11:11:54,596 - WARNING - Rate limit hit, waiting 1.5s (attempt 1)
2025-05-23 11:12:01,286 - WARNING - Rate limit hit, waiting 1.5s (attempt 1)
2025-05-23 11:12:10,676 - WARNING - Rate limit hit, waiting 1.5s (attempt 1)
2025-05-23 11:12:12,242 - WARNING - Rate limit hit, waiting 3.0s (attempt 2)
2025-05-23 11:12:15,313 - WARNING - Rate limit hit, waiting 6.0s (attempt 3)
2025-05-23 11:12:23,008 - WARNING - Rate limit hit, waiting 1.5s (attempt 1)
2025-05-23 11:12:24,562 - WARNING - Rate limit hit, waiting 3.0s (attempt 2)
2025-05-23 11:12:27,619 - WARNING - Rate limit hit, waiting 6.0s (attempt 3)
2025-05-23 11:12:35,188 - WARNING - Rate limit hit, waiting 1.5s (attempt 1)
2025-05-23 11:12:36,945 - WARNING - Rate limit hit, waiting 1.5s (attempt 1)
2025-05-23 11:12:38,515 - WARNING - Rate limit hit, waiting 3.0s (attempt 2)
2025-05-23 11:12:41,584 - WARNING - Rate limit hit, waiting 6.0s (attempt 3)
2025-05-23 11:12:49,723 - WARNING - Rate limit hit, waiting 1.5s (attempt 1)
2025-05-23 11:12:51,290 - WARNING - Rate limit hit, waiting 3.0s (attempt 2)
2025-05-23 11:12:54,559 - WARNING - Rate limit hit, waiting 1.5s (attempt 1)
2025-05-23 11:12:56,474 - WARNING - Rate limit hit, waiting 1.5s (attempt 1)
2025-05-23 11:12:58,767 - WARNING - Rate limit hit, waiting 1.5s (attempt 1)
2025-05-23 11:13:03,304 - WARNING - Rate limit hit, waiting 1.5s (attempt 1)
2025-05-23 11:13:14,336 - WARNING - Rate limit hit, waiting 1.5s (attempt 1)
2025-05-23 11:13:15,890 - WARNING - Rate limit hit, waiting 3.0s (attempt 2)
2025-05-23 11:13:18,966 - WARNING - Rate limit hit, waiting 6.0s (attempt 3)
2025-05-23 11:13:26,522 - WARNING - Rate limit hit, waiting 1.5s (attempt 1)
2025-05-23 11:13:28,302 - WARNING - Rate limit hit, waiting 1.5s (attempt 1)
2025-05-23 11:13:29,866 - WARNING - Rate limit hit, waiting 3.0s (attempt 2)
2025-05-23 11:13:33,003 - WARNING - Rate limit hit, waiting 6.0s (attempt 3)
2025-05-23 11:13:40,572 - WARNING - Rate limit hit, waiting 1.5s (attempt 1)
2025-05-23 11:13:42,136 - WARNING - Rate limit hit, waiting 3.0s (attempt 2)
2025-05-23 11:13:45,482 - WARNING - Rate limit hit, waiting 1.5s (attempt 1)
2025-05-23 11:13:47,056 - WARNING - Rate limit hit, waiting 3.0s (attempt 2)
2025-05-23 11:13:50,111 - WARNING - Rate limit hit, waiting 6.0s (attempt 3)
2025-05-23 11:13:58,074 - WARNING - Rate limit hit, waiting 1.5s (attempt 1)
2025-05-23 11:14:00,079 - WARNING - Rate limit hit, waiting 1.5s (attempt 1)
2025-05-23 11:14:15,318 - WARNING - Rate limit hit, waiting 1.5s (attempt 1)
2025-05-23 11:14:16,888 - WARNING - Rate limit hit, waiting 3.0s (attempt 2)
2025-05-23 11:14:19,945 - WARNING - Rate limit hit, waiting 6.0s (attempt 3)
2025-05-23 11:14:27,507 - WARNING - Rate limit hit, waiting 1.5s (attempt 1)
2025-05-23 11:14:29,062 - WARNING - Rate limit hit, waiting 3.0s (attempt 2)
2025-05-23 11:14:32,121 - WARNING - Rate limit hit, waiting 6.0s (attempt 3)
2025-05-23 11:14:39,798 - WARNING - Rate limit hit, waiting 1.5s (attempt 1)
2025-05-23 11:14:41,350 - WARNING - Rate limit hit, waiting 3.0s (attempt 2)
2025-05-23 11:14:44,611 - WARNING - Rate limit hit, waiting 1.5s (attempt 1)
2025-05-23 11:14:46,171 - WARNING - Rate limit hit, waiting 3.0s (attempt 2)
2025-05-23 11:14:49,704 - WARNING - Rate limit hit, waiting 1.5s (attempt 1)
2025-05-23 11:14:54,190 - WARNING - Rate limit hit, waiting 1.5s (attempt 1)
2025-05-23 11:14:55,780 - WARNING - Rate limit hit, waiting 3.0s (attempt 2)
2025-05-23 11:15:09,373 - WARNING - Rate limit hit, waiting 1.5s (attempt 1)
2025-05-23 11:15:11,145 - WARNING - Rate limit hit, waiting 1.5s (attempt 1)
2025-05-23 11:15:12,730 - WARNING - Rate limit hit, waiting 3.0s (attempt 2)
2025-05-23 11:15:15,805 - WARNING - Rate limit hit, waiting 6.0s (attempt 3)
2025-05-23 11:15:23,364 - WARNING - Rate limit hit, waiting 1.5s (attempt 1)
2025-05-23 11:15:24,918 - WARNING - Rate limit hit, waiting 3.0s (attempt 2)
2025-05-23 11:15:28,185 - WARNING - Rate limit hit, waiting 1.5s (attempt 1)
2025-05-23 11:15:29,965 - WARNING - Rate limit hit, waiting 1.5s (attempt 1)
2025-05-23 11:15:31,525 - WARNING - Rate limit hit, waiting 3.0s (attempt 2)
2025-05-23 11:15:34,583 - WARNING - Rate limit hit, waiting 6.0s (attempt 3)
2025-05-23 11:15:42,162 - WARNING - Rate limit hit, waiting 1.5s (attempt 1)
2025-05-23 11:15:43,726 - WARNING - Rate limit hit, waiting 3.0s (attempt 2)
2025-05-23 11:15:46,786 - WARNING - Rate limit hit, waiting 6.0s (attempt 3)
2025-05-23 11:15:54,366 - WARNING - Rate limit hit, waiting 1.5s (attempt 1)
2025-05-23 11:15:56,400 - WARNING - Rate limit hit, waiting 1.5s (attempt 1)
2025-05-23 11:15:58,436 - WARNING - Rate limit hit, waiting 1.5s (attempt 1)
2025-05-23 11:16:00,465 - WARNING - Rate limit hit, waiting 1.5s (attempt 1)
2025-05-23 11:16:02,283 - WARNING - Rate limit hit, waiting 1.5s (attempt 1)
2025-05-23 11:16:15,846 - WARNING - Rate limit hit, waiting 1.5s (attempt 1)
2025-05-23 11:16:17,859 - WARNING - Rate limit hit, waiting 1.5s (attempt 1)
2025-05-23 11:16:19,426 - WARNING - Rate limit hit, waiting 3.0s (attempt 2)
2025-05-23 11:16:22,495 - WARNING - Rate limit hit, waiting 6.0s (attempt 3)
2025-05-23 11:16:30,063 - WARNING - Rate limit hit, waiting 1.5s (attempt 1)
2025-05-23 11:16:31,637 - WARNING - Rate limit hit, waiting 3.0s (attempt 2)
2025-05-23 11:16:34,817 - WARNING - Rate limit hit, waiting 6.0s (attempt 3)
2025-05-23 11:16:42,369 - WARNING - Rate limit hit, waiting 1.5s (attempt 1)
2025-05-23 11:16:43,932 - WARNING - Rate limit hit, waiting 3.0s (attempt 2)
2025-05-23 11:16:47,012 - WARNING - Rate limit hit, waiting 6.0s (attempt 3)
2025-05-23 11:16:54,811 - WARNING - Rate limit hit, waiting 1.5s (attempt 1)
2025-05-23 11:16:56,371 - WARNING - Rate limit hit, waiting 3.0s (attempt 2)
2025-05-23 11:16:59,422 - WARNING - Rate limit hit, waiting 6.0s (attempt 3)
2025-05-23 11:17:06,980 - WARNING - Rate limit hit, waiting 1.5s (attempt 1)
2025-05-23 11:17:15,069 - WARNING - Rate limit hit, waiting 1.5s (attempt 1)
2025-05-23 11:17:19,518 - INFO - Saved 448 results to data/reddit-technology-v2/perspective.csv
2025-05-23 11:17:19,518 - INFO - Processing data/reddit-technology-v2-30
2025-05-23 11:17:19,856 - INFO - Loaded 37309 posts from data/reddit-technology-v2-30/posts.csv
2025-05-23 11:17:19,858 - INFO - Processing 37309 unprocessed posts
